30 Dec 2022 - 13:23:39.961 [restartedMain] INFO  c.student.StudentProjectApplication - Starting StudentProjectApplication using Java 17.0.4.1 on DESKTOP-6JGSGNM with PID 16328 (D:\STS Project\StudentProject\target\classes started by Mitul in D:\STS Project\StudentProject)
30 Dec 2022 - 13:23:39.962 [restartedMain] INFO  c.student.StudentProjectApplication - No active profile set, falling back to 1 default profile: "default"
30 Dec 2022 - 13:23:40.006 [restartedMain] INFO  o.s.b.d.e.DevToolsPropertyDefaultsPostProcessor - Devtools property defaults active! Set 'spring.devtools.add-properties' to 'false' to disable
30 Dec 2022 - 13:23:40.006 [restartedMain] INFO  o.s.b.d.e.DevToolsPropertyDefaultsPostProcessor - For additional web related logging consider setting the 'logging.level.web' property to 'DEBUG'
30 Dec 2022 - 13:23:40.863 [restartedMain] INFO  o.s.d.r.c.RepositoryConfigurationDelegate - Bootstrapping Spring Data JPA repositories in DEFAULT mode.
30 Dec 2022 - 13:23:40.914 [restartedMain] INFO  o.s.d.r.c.RepositoryConfigurationDelegate - Finished Spring Data repository scanning in 44 ms. Found 3 JPA repository interfaces.
30 Dec 2022 - 13:23:41.427 [restartedMain] INFO  o.s.b.w.e.tomcat.TomcatWebServer - Tomcat initialized with port(s): 8086 (http)
30 Dec 2022 - 13:23:41.439 [restartedMain] INFO  o.a.catalina.core.StandardService - Starting service [Tomcat]
30 Dec 2022 - 13:23:41.439 [restartedMain] INFO  o.a.catalina.core.StandardEngine - Starting Servlet engine: [Apache Tomcat/9.0.69]
30 Dec 2022 - 13:23:41.509 [restartedMain] INFO  o.a.c.c.C.[Tomcat].[localhost].[/] - Initializing Spring embedded WebApplicationContext
30 Dec 2022 - 13:23:41.509 [restartedMain] INFO  o.s.b.w.s.c.ServletWebServerApplicationContext - Root WebApplicationContext: initialization completed in 1487 ms
30 Dec 2022 - 13:23:41.635 [restartedMain] INFO  o.h.jpa.internal.util.LogHelper - HHH000204: Processing PersistenceUnitInfo [name: default]
30 Dec 2022 - 13:23:41.677 [restartedMain] INFO  org.hibernate.Version - HHH000412: Hibernate ORM core version 5.6.14.Final
30 Dec 2022 - 13:23:41.795 [restartedMain] INFO  o.h.annotations.common.Version - HCANN000001: Hibernate Commons Annotations {5.1.2.Final}
30 Dec 2022 - 13:23:41.876 [restartedMain] INFO  com.zaxxer.hikari.HikariDataSource - HikariPool-1 - Starting...
30 Dec 2022 - 13:23:42.039 [restartedMain] INFO  com.zaxxer.hikari.HikariDataSource - HikariPool-1 - Start completed.
30 Dec 2022 - 13:23:42.050 [restartedMain] INFO  org.hibernate.dialect.Dialect - HHH000400: Using dialect: org.hibernate.dialect.MySQL8Dialect
30 Dec 2022 - 13:23:42.566 [restartedMain] INFO  o.h.e.t.j.p.i.JtaPlatformInitiator - HHH000490: Using JtaPlatform implementation: [org.hibernate.engine.transaction.jta.platform.internal.NoJtaPlatform]
30 Dec 2022 - 13:23:42.573 [restartedMain] INFO  o.s.o.j.LocalContainerEntityManagerFactoryBean - Initialized JPA EntityManagerFactory for persistence unit 'default'
30 Dec 2022 - 13:23:43.080 [restartedMain] WARN  o.s.b.a.o.j.JpaBaseConfiguration$JpaWebConfiguration - spring.jpa.open-in-view is enabled by default. Therefore, database queries may be performed during view rendering. Explicitly configure spring.jpa.open-in-view to disable this warning
30 Dec 2022 - 13:23:43.209 [restartedMain] INFO  s.d.s.w.PropertySourcedRequestMappingHandlerMapping - Mapped URL path [/v2/api-docs] onto method [springfox.documentation.swagger2.web.Swagger2Controller#getDocumentation(String, HttpServletRequest)]
30 Dec 2022 - 13:23:43.324 [restartedMain] INFO  o.s.b.d.a.OptionalLiveReloadServer - LiveReload server is running on port 35729
30 Dec 2022 - 13:23:43.487 [restartedMain] INFO  o.s.b.w.e.tomcat.TomcatWebServer - Tomcat started on port(s): 8086 (http) with context path ''
30 Dec 2022 - 13:23:43.488 [restartedMain] INFO  s.d.s.w.p.DocumentationPluginsBootstrapper - Context refreshed
30 Dec 2022 - 13:23:43.506 [restartedMain] INFO  s.d.s.w.p.DocumentationPluginsBootstrapper - Found 1 custom documentation plugin(s)
30 Dec 2022 - 13:23:43.530 [restartedMain] INFO  s.d.s.w.s.ApiListingReferenceScanner - Scanning for api listing references
30 Dec 2022 - 13:23:43.670 [restartedMain] INFO  c.student.StudentProjectApplication - Started StudentProjectApplication in 4.047 seconds (JVM running for 4.795)
30 Dec 2022 - 13:23:46.582 [RMI TCP Connection(2)-127.0.0.1] INFO  o.s.b.a.SpringApplicationAdminMXBeanRegistrar$SpringApplicationAdmin - Application shutdown requested.
30 Dec 2022 - 13:23:46.590 [RMI TCP Connection(2)-127.0.0.1] INFO  o.a.catalina.core.StandardService - Stopping service [Tomcat]
30 Dec 2022 - 13:23:46.598 [RMI TCP Connection(2)-127.0.0.1] INFO  o.s.o.j.LocalContainerEntityManagerFactoryBean - Closing JPA EntityManagerFactory for persistence unit 'default'
30 Dec 2022 - 13:23:46.601 [RMI TCP Connection(2)-127.0.0.1] INFO  com.zaxxer.hikari.HikariDataSource - HikariPool-1 - Shutdown initiated...
30 Dec 2022 - 13:23:46.607 [RMI TCP Connection(2)-127.0.0.1] INFO  com.zaxxer.hikari.HikariDataSource - HikariPool-1 - Shutdown completed.
